Redbear-Labs-Android-master/Android-master/Examples/Android Studio Examples/Chat/build/outputs/logs/manifest-merger-debug-report.txt
-- Merging decision tree log ---
manifest
ADDED from Android Studio Examples\Chat\AndroidManifest.xml:2:1-45:12
	package
		ADDED from Android Studio Examples\Chat\AndroidManifest.xml:3:5-31
	android:versionName
		ADDED from Android Studio Examples\Chat\AndroidManifest.xml:5:5-30
		INJECTED from Android Studio Examples\Chat\AndroidManifest.xml
		INJECTED from Android Studio Examples\Chat\AndroidManifest.xml
	android:versionCode
		ADDED from Android Studio Examples\Chat\AndroidManifest.xml:4:5-28
		INJECTED from Android Studio Examples\Chat\AndroidManifest.xml
		INJECTED from Android Studio Examples\Chat\AndroidManifest.xml
	xmlns:android
		ADDED from Android Studio Examples\Chat\AndroidManifest.xml:2:11-69
uses-sdk
ADDED from Android Studio Examples\Chat\AndroidManifest.xml:7:5-9:41
	android:targetSdkVersion
		ADDED from Android Studio Examples\Chat\AndroidManifest.xml:9:9-38
	android:minSdkVersion
		ADDED from Android Studio Examples\Chat\AndroidManifest.xml:8:9-35
uses-feature#android.hardware.bluetooth_le
ADDED from Android Studio Examples\Chat\AndroidManifest.xml:11:5-13:35
	android:required
		ADDED from Android Studio Examples\Chat\AndroidManifest.xml:13:9-32
	android:name
		ADDED from Android Studio Examples\Chat\AndroidManifest.xml:12:9-53
uses-permission#android.permission.BLUETOOTH
ADDED from Android Studio Examples\Chat\AndroidManifest.xml:15:5-68
	android:name
		ADDED from Android Studio Examples\Chat\AndroidManifest.xml:15:22-65
uses-permission#android.permission.BLUETOOTH_ADMIN
ADDED from Android Studio Examples\Chat\AndroidManifest.xml:16:5-74
	android:name
		ADDED from Android Studio Examples\Chat\AndroidManifest.xml:16:22-71
application
ADDED from Android Studio Examples\Chat\AndroidManifest.xml:18:5-43:19
	android:label
		ADDED from Android Studio Examples\Chat\AndroidManifest.xml:21:9-41
	android:allowBackup
		ADDED from Android Studio Examples\Chat\AndroidManifest.xml:19:9-35
	android:icon
		ADDED from Android Studio Examples\Chat\AndroidManifest.xml:20:9-42
	android:theme
		ADDED from Android Studio Examples\Chat\AndroidManifest.xml:22:9-40
activity#com.redbear.chat.Main
ADDED from Android Studio Examples\Chat\AndroidManifest.xml:23:9-32:20
	android:screenOrientation
		ADDED from Android Studio Examples\Chat\AndroidManifest.xml:26:13-49
	android:label
		ADDED from Android Studio Examples\Chat\AndroidManifest.xml:25:13-45
	android:name
		ADDED from Android Studio Examples\Chat\AndroidManifest.xml:24:13-49
intent-filter#android.intent.action.MAIN+android.intent.category.LAUNCHER
ADDED from Android Studio Examples\Chat\AndroidManifest.xml:27:13-31:29
action#android.intent.action.MAIN
ADDED from Android Studio Examples\Chat\AndroidManifest.xml:28:17-69
	android:name
		ADDED from Android Studio Examples\Chat\AndroidManifest.xml:28:25-66
category#android.intent.category.LAUNCHER
ADDED from Android Studio Examples\Chat\AndroidManifest.xml:30:17-77
	android:name
		ADDED from Android Studio Examples\Chat\AndroidManifest.xml:30:27-74
activity#com.redbear.chat.Chat
ADDED from Android Studio Examples\Chat\AndroidManifest.xml:33:9-34:20
	android:name
		ADDED from Android Studio Examples\Chat\AndroidManifest.xml:33:19-55
activity#com.redbear.chat.Device
ADDED from Android Studio Examples\Chat\AndroidManifest.xml:35:9-38:20
	android:theme
		ADDED from Android Studio Examples\Chat\AndroidManifest.xml:37:13-56
	android:name
		ADDED from Android Studio Examples\Chat\AndroidManifest.xml:36:13-35
service#com.redbear.chat.RBLService
ADDED from Android Studio Examples\Chat\AndroidManifest.xml:40:9-42:38
	android:enabled
		ADDED from Android Studio Examples\Chat\AndroidManifest.xml:42:13-35
	android:name
		ADDED from Android Studio Examples\Chat\AndroidManifest.xml:41:13-55